Using pre-set license
Built from '2020.3/release' branch; Version is '2020.3.15f2 (6cf78cb77498) revision 7141260'; Using compiler version '192528614'; Build Type 'Release'
OS: 'Windows 10 Home; OS build 19042.1165; Version 2009; 64bit' Language: 'zh' Physical Memory: 16163 MB
BatchMode: 1, IsHumanControllingUs: 0, StartBugReporterOnCrash: 0, Is64bit: 1, IsPro: 0

 COMMAND LINE ARGUMENTS:
D:\user\Unity\2020.3.15f2\Editor\Unity.exe
-adb2
-batchMode
-noUpm
-name
AssetImportWorker0
-projectPath
D:/user/Unity/Unity3Dwork/Unity_HC_3D_Protoype/3D_RPG_work1
-logFile
Logs/AssetImportWorker0.log
-srvPort
58374
Successfully changed project path to: D:/user/Unity/Unity3Dwork/Unity_HC_3D_Protoype/3D_RPG_work1
D:/user/Unity/Unity3Dwork/Unity_HC_3D_Protoype/3D_RPG_work1
Using Asset Import Pipeline V2.
Refreshing native plugins compatible for Editor in 20.90 ms, found 2 plugins.
Preloading 0 native plugins for Editor in 0.00 ms.
Initialize engine version: 2020.3.15f2 (6cf78cb77498)
[Subsystems] Discovering subsystems at path D:/user/Unity/2020.3.15f2/Editor/Data/Resources/UnitySubsystems
[Subsystems] Discovering subsystems at path D:/user/Unity/Unity3Dwork/Unity_HC_3D_Protoype/3D_RPG_work1/Assets
GfxDevice: creating device client; threaded=0
Direct3D:
    Version:  Direct3D 11.0 [level 11.1]
    Renderer: NVIDIA GeForce RTX 3060 Laptop GPU (ID=0x2520)
    Vendor:   
    VRAM:     6023 MB
    Driver:   27.21.14.6275
Initialize mono
Mono path[0] = 'D:/user/Unity/2020.3.15f2/Editor/Data/Managed'
Mono path[1] = 'D:/user/Unity/2020.3.15f2/Editor/Data/MonoBleedingEdge/lib/mono/unityjit'
Mono config path = 'D:/user/Unity/2020.3.15f2/Editor/Data/MonoBleedingEdge/etc'
Using monoOptions --debugger-agent=transport=dt_socket,embedding=1,server=y,suspend=n,address=127.0.0.1:56016
Begin MonoManager ReloadAssembly
Registering precompiled unity dll's ...
Register platform support module: D:/user/Unity/2020.3.15f2/Editor/Data/PlaybackEngines/WebGLSupport/UnityEditor.WebGL.Extensions.dll
Register platform support module: D:/user/Unity/2020.3.15f2/Editor/Data/PlaybackEngines/WindowsStandaloneSupport/UnityEditor.WindowsStandalone.Extensions.dll
Registered in 0.000748 seconds.
Native extension for WindowsStandalone target not found
Native extension for WebGL target not found
Refreshing native plugins compatible for Editor in 20.90 ms, found 2 plugins.
Preloading 0 native plugins for Editor in 0.00 ms.
Mono: successfully reloaded assembly
- Completed reload, in  0.875 seconds
Domain Reload Profiling:
	ReloadAssembly (875ms)
		BeginReloadAssembly (32ms)
			ExecutionOrderSort (0ms)
			DisableScriptedObjects (0ms)
			BackupInstance (0ms)
			ReleaseScriptingObjects (0ms)
			CreateAndSetChildDomain (1ms)
		EndReloadAssembly (271ms)
			LoadAssemblies (32ms)
			RebuildTransferFunctionScriptingTraits (0ms)
			SetupTypeCache (99ms)
			ReleaseScriptCaches (0ms)
			RebuildScriptCaches (21ms)
			SetupLoadedEditorAssemblies (107ms)
				LogAssemblyErrors (0ms)
				InitializePlatformSupportModulesInManaged (3ms)
				SetLoadedEditorAssemblies (0ms)
				RefreshPlugins (21ms)
				BeforeProcessingInitializeOnLoad (5ms)
				ProcessInitializeOnLoadAttributes (58ms)
				ProcessInitializeOnLoadMethodAttributes (19ms)
				AfterProcessingInitializeOnLoad (0ms)
				EditorAssembliesLoaded (0ms)
			ExecutionOrderSort2 (0ms)
			AwakeInstancesAfterBackupRestoration (0ms)
Platform modules already initialized, skipping
Registering precompiled user dll's ...
Registered in 0.001626 seconds.
Begin MonoManager ReloadAssembly
Native extension for WindowsStandalone target not found
Native extension for WebGL target not found
Refreshing native plugins compatible for Editor in 0.26 ms, found 2 plugins.
Preloading 0 native plugins for Editor in 0.00 ms.
Mono: successfully reloaded assembly
- Completed reload, in  0.711 seconds
Domain Reload Profiling:
	ReloadAssembly (712ms)
		BeginReloadAssembly (95ms)
			ExecutionOrderSort (0ms)
			DisableScriptedObjects (3ms)
			BackupInstance (0ms)
			ReleaseScriptingObjects (0ms)
			CreateAndSetChildDomain (14ms)
		EndReloadAssembly (580ms)
			LoadAssemblies (53ms)
			RebuildTransferFunctionScriptingTraits (0ms)
			SetupTypeCache (172ms)
			ReleaseScriptCaches (0ms)
			RebuildScriptCaches (28ms)
			SetupLoadedEditorAssemblies (263ms)
				LogAssemblyErrors (0ms)
				InitializePlatformSupportModulesInManaged (4ms)
				SetLoadedEditorAssemblies (0ms)
				RefreshPlugins (0ms)
				BeforeProcessingInitializeOnLoad (35ms)
				ProcessInitializeOnLoadAttributes (219ms)
				ProcessInitializeOnLoadMethodAttributes (3ms)
				AfterProcessingInitializeOnLoad (1ms)
				EditorAssembliesLoaded (0ms)
			ExecutionOrderSort2 (0ms)
			AwakeInstancesAfterBackupRestoration (5ms)
Platform modules already initialized, skipping
========================================================================
Worker process is ready to serve import requests
Launched and connected shader compiler UnityShaderCompiler.exe after 0.03 seconds
Refreshing native plugins compatible for Editor in 0.25 ms, found 2 plugins.
Preloading 0 native plugins for Editor in 0.00 ms.
Unloading 1396 Unused Serialized files (Serialized files now loaded: 0)
System memory in use before: 64.9 MB.
System memory in use after: 65.0 MB.

Unloading 19 unused Assets to reduce memory usage. Loaded Objects now: 1829.
Total: 1.614200 ms (FindLiveObjects: 0.101300 ms CreateObjectMapping: 0.023700 ms MarkObjects: 1.429300 ms  DeleteObjects: 0.059300 ms)

AssetImportParameters requested are different than current active one (requested -> active):
  custom:framework-win-MediaFoundation: 216162199b28c13a410421893ffa2e32 -> 
  custom:video-decoder-ogg-theora: a1e56fd34408186e4bbccfd4996cb3dc -> 
  custom:container-muxer-webm: aa71ff27fc2769a1b78a27578f13a17b -> 
  custom:container-demuxer-webm: 4f35f7cbe854078d1ac9338744f61a02 -> 
  custom:container-demuxer-ogg: 62fdf1f143b41e24485cea50d1cbac27 -> 
  custom:video-encoder-webm-vp8: eb34c28f22e8b96e1ab97ce403110664 -> 
  custom:video-decoder-webm-vp8: 9c59270c3fd7afecdb556c50c9e8de78 -> 
  custom:audio-decoder-ogg-vorbis: bf7c407c2cedff20999df2af8eb42d56 -> 
  custom:audio-encoder-webm-vorbis: bf7c407c2cedff20999df2af8eb42d56 -> 
========================================================================
Received Import Request.
  path: Assets/Scenes
  artifactKey: Guid(c2f96daeaedbc0741b70ee493abaadf3) Importer(815301076,1909f56bfc062723c751e8b465ee728b)
Start importing Assets/Scenes using Guid(c2f96daeaedbc0741b70ee493abaadf3) Importer(815301076,1909f56bfc062723c751e8b465ee728b)  -> (artifact id: 'b9e6289470040e1b15c01e18c5185d70') in 0.006420 seconds 
  Import took 0.008036 seconds .

========================================================================
Received Import Request.
  Time since last request: 8.408020 seconds.
  path: Assets/Scenes/SampleScene.unity
  artifactKey: Guid(9fc0d4010bbf28b4594072e72b8655ab) Importer(815301076,1909f56bfc062723c751e8b465ee728b)
Start importing Assets/Scenes/SampleScene.unity using Guid(9fc0d4010bbf28b4594072e72b8655ab) Importer(815301076,1909f56bfc062723c751e8b465ee728b)  -> (artifact id: '85059f4f9e1a832ed95adaa0d25c5c4c') in 0.010210 seconds 
  Import took 0.011997 seconds .

========================================================================
Received Import Request.
  Time since last request: 13.733907 seconds.
  path: Assets
  artifactKey: Guid(00000000000000001000000000000000) Importer(815301076,1909f56bfc062723c751e8b465ee728b)
Start importing Assets using Guid(00000000000000001000000000000000) Importer(815301076,1909f56bfc062723c751e8b465ee728b)  -> (artifact id: '42d402b061de3733987d63b9cc3b64de') in 0.004687 seconds 
  Import took 0.006607 seconds .

========================================================================
Received Import Request.
  Time since last request: 30.567353 seconds.
  path: Assets/遊戲場景
  artifactKey: Guid(ff1dadfcac945904ab0965ef9901de66) Importer(815301076,1909f56bfc062723c751e8b465ee728b)
Start importing Assets/遊戲場景 using Guid(ff1dadfcac945904ab0965ef9901de66) Importer(815301076,1909f56bfc062723c751e8b465ee728b)  -> (artifact id: '157745c306e3b43e68bc5dd24e40906b') in 0.004897 seconds 
  Import took 0.006905 seconds .

========================================================================
Received Import Request.
  Time since last request: 0.000314 seconds.
  path: Assets/遊戲場景
  artifactKey: Guid(ff1dadfcac945904ab0965ef9901de66) Importer(815301076,1909f56bfc062723c751e8b465ee728b)
Start importing Assets/遊戲場景 using Guid(ff1dadfcac945904ab0965ef9901de66) Importer(815301076,1909f56bfc062723c751e8b465ee728b)  -> (artifact id: '157745c306e3b43e68bc5dd24e40906b') in 0.001235 seconds 
  Import took 0.002921 seconds .

========================================================================
Received Import Request.
  Time since last request: 85.749445 seconds.
  path: Assets/Scenes/SampleScene.unity
  artifactKey: Guid(9fc0d4010bbf28b4594072e72b8655ab) Importer(815301076,1909f56bfc062723c751e8b465ee728b)
Start importing Assets/Scenes/SampleScene.unity using Guid(9fc0d4010bbf28b4594072e72b8655ab) Importer(815301076,1909f56bfc062723c751e8b465ee728b)  -> (artifact id: 'baacc0ae8dabb85b723818a1a21bca85') in 0.001747 seconds 
  Import took 0.003835 seconds .

========================================================================
Received Import Request.
  Time since last request: 454.142712 seconds.
  path: Assets/Scenes/遊戲場景.unity
  artifactKey: Guid(9fc0d4010bbf28b4594072e72b8655ab) Importer(815301076,1909f56bfc062723c751e8b465ee728b)
Start importing Assets/Scenes/遊戲場景.unity using Guid(9fc0d4010bbf28b4594072e72b8655ab) Importer(815301076,1909f56bfc062723c751e8b465ee728b)  -> (artifact id: '02200d8530f8d8627e6e8d5a3360c0c4') in 0.005642 seconds 
  Import took 0.007986 seconds .

========================================================================
Received Import Request.
  Time since last request: 329.280760 seconds.
  path: Assets/3DForge/Blueprints/PremiumBlueprints/PB_VIK_VEK/FrontierSettlement/Documentation/Premium BLUEPRINTS Frontier Settlement INFO.rtf
  artifactKey: Guid(3224465466686194f81e4ace72d30c22) Importer(815301076,1909f56bfc062723c751e8b465ee728b)
Start importing Assets/3DForge/Blueprints/PremiumBlueprints/PB_VIK_VEK/FrontierSettlement/Documentation/Premium BLUEPRINTS Frontier Settlement INFO.rtf using Guid(3224465466686194f81e4ace72d30c22) Importer(815301076,1909f56bfc062723c751e8b465ee728b)  -> (artifact id: '9c415483a2a0d4fcdfeb1e6656c8673d') in 0.015994 seconds 
  Import took 0.018431 seconds .

========================================================================
Received Import Request.
  Time since last request: 1.927205 seconds.
  path: Assets/3DForge/Blueprints/PremiumBlueprints/PB_VIK_VEK/FrontierSettlement/BLUEPRINTS/Frontiers/PB_FS_Blacksmith.prefab
  artifactKey: Guid(a80b83884ffb26f41bc6c3343143484a) Importer(815301076,1909f56bfc062723c751e8b465ee728b)
Start importing Assets/3DForge/Blueprints/PremiumBlueprints/PB_VIK_VEK/FrontierSettlement/BLUEPRINTS/Frontiers/PB_FS_Blacksmith.prefab using Guid(a80b83884ffb26f41bc6c3343143484a) Importer(815301076,1909f56bfc062723c751e8b465ee728b)  -> (artifact id: '28df4f881709d15ce443261675eedc27') in 0.074799 seconds 
  Import took 0.077098 seconds .

========================================================================
Received Import Request.
  Time since last request: 0.000170 seconds.
  path: Assets/3DForge/Blueprints/PremiumBlueprints/PB_VIK_VEK/FrontierSettlement/BLUEPRINTS/Frontiers/PB_FS_House.prefab
  artifactKey: Guid(47d3dd0e10f4c214292987a17e0c2c0f) Importer(815301076,1909f56bfc062723c751e8b465ee728b)
Start importing Assets/3DForge/Blueprints/PremiumBlueprints/PB_VIK_VEK/FrontierSettlement/BLUEPRINTS/Frontiers/PB_FS_House.prefab using Guid(47d3dd0e10f4c214292987a17e0c2c0f) Importer(815301076,1909f56bfc062723c751e8b465ee728b)  -> (artifact id: '342963159e740b4f8d437a166ee0d1cd') in 0.012615 seconds 
  Import took 0.014911 seconds .

========================================================================
Received Import Request.
  Time since last request: 0.000153 seconds.
  path: Assets/3DForge/Blueprints/PremiumBlueprints/PB_VIK_VEK/FrontierSettlement/BLUEPRINTS/Frontiers/SettlementWalls.prefab
  artifactKey: Guid(009e3dd12ac574144adcfd9ebd95add0) Importer(815301076,1909f56bfc062723c751e8b465ee728b)
Start importing Assets/3DForge/Blueprints/PremiumBlueprints/PB_VIK_VEK/FrontierSettlement/BLUEPRINTS/Frontiers/SettlementWalls.prefab using Guid(009e3dd12ac574144adcfd9ebd95add0) Importer(815301076,1909f56bfc062723c751e8b465ee728b)  -> (artifact id: '98f291f1683aabaf02e0b31a07e50a6e') in 0.006930 seconds 
  Import took 0.008987 seconds .

========================================================================
Received Import Request.
  Time since last request: 0.000125 seconds.
  path: Assets/3DForge/Blueprints/PremiumBlueprints/PB_VIK_VEK/FrontierSettlement/BLUEPRINTS/Frontiers/PB_FS_House.prefab
  artifactKey: Guid(47d3dd0e10f4c214292987a17e0c2c0f) Importer(815301076,1909f56bfc062723c751e8b465ee728b)
Start importing Assets/3DForge/Blueprints/PremiumBlueprints/PB_VIK_VEK/FrontierSettlement/BLUEPRINTS/Frontiers/PB_FS_House.prefab using Guid(47d3dd0e10f4c214292987a17e0c2c0f) Importer(815301076,1909f56bfc062723c751e8b465ee728b)  -> (artifact id: '342963159e740b4f8d437a166ee0d1cd') in 0.008347 seconds 
  Import took 0.010476 seconds .

========================================================================
Received Import Request.
  Time since last request: 0.000170 seconds.
  path: Assets/3DForge/Blueprints/PremiumBlueprints/PB_VIK_VEK/FrontierSettlement/BLUEPRINTS/Frontiers/PB_FS_Settlement01.prefab
  artifactKey: Guid(2c169ebb482516542888a6e2fee8b109) Importer(815301076,1909f56bfc062723c751e8b465ee728b)
Start importing Assets/3DForge/Blueprints/PremiumBlueprints/PB_VIK_VEK/FrontierSettlement/BLUEPRINTS/Frontiers/PB_FS_Settlement01.prefab using Guid(2c169ebb482516542888a6e2fee8b109) Importer(815301076,1909f56bfc062723c751e8b465ee728b)  -> (artifact id: '12fd49acb4a1db849770f5d5f91cabf8') in 0.022188 seconds 
  Import took 0.025064 seconds .

AssetImportWorkerClient::OnTransportError - code=2 error=End of file
